<?xml version="1.0" encoding="UTF-8"?>
<!-- Generated by org.testng.reporters.JUnitXMLReporter -->
<testsuite ignored="1" hostname="LAPTOP-5MU2HV3U" failures="1" tests="3" name="CarLoan" time="0.007" errors="0" timestamp="10 May 2020 22:18:29 GMT">
  <testcase classname="pckge.Login" name="webLogin" time="0.0">
    <failure type="org.testng.TestNGException" message="
Parameter &amp;apos;URL&amp;apos; is required by @Test on method webLogin but has not been marked @Optional or defined
in C:\Users\Hem\eclipse-workspace\New\testng.xml">
      <![CDATA[org.testng.TestNGException: 
Parameter 'URL' is required by @Test on method webLogin but has not been marked @Optional or defined
in C:\Users\Hem\eclipse-workspace\New\testng.xml
... Removed 24 stack frames]]>
    </failure>
  </testcase> <!-- webLogin -->
  <testcase classname="pckge.CarLoan" name="MobileLogin" time="0.001"/>
  <testcase classname="pckge.CarLoan" name="webLogin" time="0.001"/>
  <testcase classname="pckge.Login" name="MobileLogin" time="0.0">
    <ignored/>
  </testcase> <!-- MobileLogin -->
</testsuite> <!-- CarLoan -->
