<?xml version="1.0" encoding="UTF-8"?>
<!-- Generated by org.testng.reporters.JUnitXMLReporter -->
<testsuite ignored="1" hostname="LAPTOP-5MU2HV3U" failures="0" tests="3" name="carLoan" time="0.006" errors="0" timestamp="09 May 2020 21:09:51 GMT">
  <testcase classname="pckge.CarLoan" name="MobileLogin" time="0.0"/>
  <testcase classname="pckge.Login" name="MobileLogin" time="0.0"/>
  <testcase classname="pckge.Login" name="webLogin" time="0.001"/>
  <testcase classname="pckge.CarLoan" name="webLogin" time="0.0">
    <ignored/>
  </testcase> <!-- webLogin -->
</testsuite> <!-- carLoan -->
