<?xml version="1.0" encoding="UTF-8"?>
<!-- Generated by org.testng.reporters.JUnitXMLReporter -->
<testsuite ignored="1" hostname="LAPTOP-5MU2HV3U" failures="0" tests="2" name="PersonalLoan" time="0.027" errors="0" timestamp="09 May 2020 21:09:51 GMT">
  <testcase classname="pckge.Test1" name="demo" time="0.007"/>
  <testcase classname="pckge.Test2" name="bye" time="0.001"/>
  <testcase classname="pckge.Test1" name="bye" time="0.0">
    <ignored/>
  </testcase> <!-- bye -->
</testsuite> <!-- PersonalLoan -->
