<?xml version="1.0" encoding="UTF-8"?>
<!-- Generated by org.testng.reporters.JUnitXMLReporter -->
<testsuite ignored="7" hostname="LAPTOP-5MU2HV3U" failures="0" tests="3" name="Test" time="0.033" errors="0" timestamp="10 May 2020 22:18:43 GMT">
  <testcase classname="pckge.Login" name="MobileLogin" time="0.004"/>
  <testcase classname="pckge.Login" name="webLogin" time="0.001"/>
  <testcase classname="pckge.CarLoan" name="webLogin" time="0.001"/>
  <testcase classname="pckge.CarLoan" name="MobileLogin" time="0.0">
    <ignored/>
  </testcase> <!-- MobileLogin -->
  <testcase classname="pckge.HomeLoan" name="webLogin" time="0.0">
    <ignored/>
  </testcase> <!-- webLogin -->
  <testcase classname="pckge.HomeLoan" name="MobileLogin" time="0.0">
    <ignored/>
  </testcase> <!-- MobileLogin -->
  <testcase classname="pckge.Test1" name="demo" time="0.0">
    <ignored/>
  </testcase> <!-- demo -->
  <testcase classname="pckge.Test1" name="bye" time="0.0">
    <ignored/>
  </testcase> <!-- bye -->
  <testcase classname="pckge.Test2" name="bye" time="0.0">
    <ignored/>
  </testcase> <!-- bye -->
  <testcase classname="pckge.testing" name="test1" time="0.0">
    <ignored/>
  </testcase> <!-- test1 -->
</testsuite> <!-- Test -->
